C51 COMPILER V9.60.7.0   MAIN                                                              04/08/2023 17:12:29 PAGE 1   


C51 COMPILER V9.60.7.0, COMPILATION OF MODULE MAIN
OBJECT MODULE PLACED IN .\Objects\main.obj
COMPILER INVOKED BY: C:\Program Files\Keil_v5\C51\BIN\C51.EXE main.c OPTIMIZE(8,SPEED) BROWSE DEBUG OBJECTEXTEND PRINT(.
                    -\Listings\main.lst) TABS(2) OBJECT(.\Objects\main.obj)

line level    source

   1          #include <at89c5131.h>
   2          #include "serial.c"
   3          
   4          char board_count[4]= {8,6,4,4};
   5          unsigned char ch=0, ch1=0, ch2=0;
   6          char* names[4]={" UART-", " TIVA-", " AT328-", " STM32-"};
   7          int i=0;
   8          void main(){
   9   1        uart_init();
  10   1        
  11   1        while(1){
  12   2          transmit_string("Micro-controllers available:");
  13   2          for (i=0; i<4; i++){
  14   3            transmit_string(names[i]);
  15   3            ch=board_count[i]+48;
  16   3            transmit_char(ch);
  17   3            
  18   3          }
  19   2          transmit_string("\r\n");
  20   2          transmit_string("Press I for Issue and R for Return\r\n");
  21   2          ch = receive_char();
  22   2          if (ch == 'i' | ch == 'I'){
  23   3            transmit_string("Enter micro-controller to be borrowed:\r\n");
  24   3            
  25   3            ch1 = receive_char();
  26   3            transmit_string("Enter Quantity:\r\n");
  27   3            ch2 = receive_char()-48;
  28   3            if (ch1=='1'){
  29   4              if (board_count[0]>ch2){
  30   5                board_count[0]-=ch2;
  31   5                transmit_string("Requested micro-controller allocated!\r\n");
  32   5              }
  33   4              else{
  34   5                transmit_string("Requested micro-controller not available...\r\n");
  35   5              }
  36   4            }
  37   3            else if (ch1=='2'){
  38   4              if (board_count[1]>ch2){
  39   5                board_count[1]-=ch2;
  40   5                transmit_string("Requested micro-controller allocated!\r\n");
  41   5              }
  42   4              else{
  43   5                transmit_string("Requested micro-controller not available...\r\n");
  44   5              }
  45   4            }
  46   3            else if (ch1=='3'){
  47   4              if (board_count[2]>ch2){
  48   5                board_count[2]-=ch2;
  49   5                transmit_string("Requested micro-controller allocated!\r\n");
  50   5              }
  51   4              else{
  52   5                transmit_string("Requested micro-controller not available...\r\n");
  53   5              }
  54   4            }
C51 COMPILER V9.60.7.0   MAIN                                                              04/08/2023 17:12:29 PAGE 2   

  55   3            else if (ch1=='4'){
  56   4              if (board_count[3]>ch2){
  57   5                board_count[3]-=ch2;
  58   5                transmit_string("Requested micro-controller allocated!\r\n");
  59   5              }
  60   4              else{
  61   5                transmit_string("Requested micro-controller not available...\r\n");
  62   5              }
  63   4            }
  64   3            
  65   3            
  66   3            
  67   3          }
  68   2          else if(ch == 'r' | ch == 'R'){
  69   3              transmit_string("Enter micro-controller to be returned:\r\n");
  70   3              ch1 = receive_char();
  71   3              if (ch1=='1'){
  72   4                if (board_count[0]>=8){
  73   5                  
  74   5                  transmit_string("You can’t return what you don’t have...\r\n");
  75   5                }
  76   4                else{
  77   5                  
  78   5                  transmit_string("Enter Quantity:\r\n");
  79   5                  ch2=receive_char()-48;
  80   5                  if (ch2+board_count[0] <=8){
  81   6                    board_count[0]+=ch2;
  82   6                    transmit_string("Returned micro-controller received!\r\n");
  83   6                  }
  84   5                  else{
  85   6                    transmit_string("Returned micro-controller out of bounds...\r\n");
  86   6                  }
  87   5                }
  88   4              }
  89   3              else if (ch1=='2'){
  90   4                if (board_count[1]>=6){
  91   5                  
  92   5                  transmit_string("You can’t return what you don’t have...\r\n");
  93   5                }
  94   4                else{
  95   5                  
  96   5                  transmit_string("Enter Quantity:\r\n");
  97   5                  ch2=receive_char()-48;
  98   5                  if (ch2+board_count[1] <=6){
  99   6                    board_count[1]+=ch2;
 100   6                    transmit_string("Returned micro-controller received!\r\n");
 101   6                  }
 102   5                  else{
 103   6                    transmit_string("Returned micro-controller out of bounds...\r\n");
 104   6                  }
 105   5                }
 106   4              }
 107   3              else if (ch1=='3'){
 108   4                if (board_count[2]>=4){
 109   5                  
 110   5                  transmit_string("You can’t return what you don’t have...\r\n");
 111   5                }
 112   4                else{
 113   5                  
 114   5                  transmit_string("Enter Quantity:\r\n");
 115   5                  ch2=receive_char()-48;
 116   5                  if (ch2+board_count[2] <=4){
C51 COMPILER V9.60.7.0   MAIN                                                              04/08/2023 17:12:29 PAGE 3   

 117   6                    board_count[2]+=ch2;
 118   6                    transmit_string("Returned micro-controller received!\r\n");
 119   6                  }
 120   5                  else{
 121   6                    transmit_string("Returned micro-controller out of bounds...\r\n");
 122   6                  }
 123   5                }
 124   4              }
 125   3              else if (ch1=='4'){
 126   4                if (board_count[3]>=4){
 127   5                  
 128   5                  transmit_string("You can’t return what you don’t have...\r\n");
 129   5                }
 130   4                else{
 131   5                  
 132   5                  transmit_string("Enter Quantity:\r\n");
 133   5                  ch2=receive_char()-48;
 134   5                  if (ch2+board_count[3] <=4){
 135   6                    board_count[3]+=ch2;
 136   6                    transmit_string("Returned micro-controller received!\r\n");
 137   6                  }
 138   5                  else{
 139   6                    transmit_string("Returned micro-controller out of bounds...\r\n");
 140   6                  }
 141   5                }
 142   4              }
 143   3              
 144   3            }
 145   2          
 146   2          
 147   2          
 148   2          
 149   2          
 150   2        }
 151   1      }


MODULE INFORMATION:   STATIC OVERLAYABLE
   CODE SIZE        =    776    ----
   CONSTANT SIZE    =    414    ----
   XDATA SIZE       =   ----    ----
   PDATA SIZE       =   ----    ----
   DATA SIZE        =     21       3
   IDATA SIZE       =   ----    ----
   BIT SIZE         =      2    ----
END OF MODULE INFORMATION.


C51 COMPILATION COMPLETE.  0 WARNING(S),  0 ERROR(S)
